<?xml version="1.0" encoding="UTF-8"?>
<!-- Generated by org.testng.reporters.JUnitReportReporter -->
<testsuite hostname="som-HP" failures="0" tests="1" name="com.crm.comcast.contactTest.CreateContactTest" time="33.686" errors="0" timestamp="2022-01-21T00:14:16 IST" skipped="0">
  <testcase classname="com.crm.comcast.contactTest.CreateContactTest" name="CreateContactTest" time="33.686"/>
  <system-out/>
</testsuite> <!-- com.crm.comcast.contactTest.CreateContactTest -->
