<?xml version="1.0" encoding="UTF-8"?>
<!-- Generated by org.testng.reporters.JUnitReportReporter -->
<testsuite hostname="som-HP" failures="0" tests="2" name="com.crm.comcast.organizationTest.CreateOrgTest" time="77.547" errors="0" timestamp="2022-01-21T00:22:54 IST" skipped="0">
  <testcase classname="com.crm.comcast.organizationTest.CreateOrgTest" name="CreateOrgTest" time="45.339"/>
  <system-out/>
  <testcase classname="com.crm.comcast.organizationTest.CreateOrgTest" name="CreateOrgWithIndustry" time="32.208"/>
  <system-out/>
</testsuite> <!-- com.crm.comcast.organizationTest.CreateOrgTest -->
